<?xml version="1.0" encoding="UTF-8"?>
<!-- Generated by org.testng.reporters.JUnitReportReporter -->
<testsuite hostname="gopika" failures="0" tests="1" name="testpkg.Logintest" time="2.048" errors="0" timestamp="2023-08-15T12:21:02 IST" skipped="0">
  <testcase classname="testpkg.Logintest" name="verifyLoginnWithValidCred" time="2.048"/>
</testsuite> <!-- testpkg.Logintest -->
